Start testing: Jun 11 11:00 IST
----------------------------------------------------------
1/1 Testing: comparestrings.Test1
1/1 Test: comparestrings.Test1
Command: "/Users/premsekhar/Desktop/cppproject/cpp_intro_project/bin/hello_test" "--gtest_filter=comparestrings.Test1" "--gtest_also_run_disabled_tests"
Directory: /Users/premsekhar/Desktop/cppproject/cpp_intro_project/build
"comparestrings.Test1" start time: Jun 11 11:00 IST
Output:
----------------------------------------------------------
Running main() from /Users/premsekhar/Desktop/cppproject/cpp_intro_project/build/_deps/googletest-src/googletest/src/gtest_main.cc
Note: Google Test filter = comparestrings.Test1
[==========] Running 1 test from 1 test suite.
[----------] Global test environment set-up.
[----------] 1 test from comparestrings
[ RUN      ] comparestrings.Test1
Hello World
[       OK ] comparestrings.Test1 (0 ms)
[----------] 1 test from comparestrings (0 ms total)

[----------] Global test environment tear-down
[==========] 1 test from 1 test suite ran. (0 ms total)
[  PASSED  ] 1 test.
<end of output>
Test time =   0.01 sec
----------------------------------------------------------
Test Passed.
"comparestrings.Test1" end time: Jun 11 11:00 IST
"comparestrings.Test1" time elapsed: 00:00:00
----------------------------------------------------------

End testing: Jun 11 11:00 IST
